<?xml version="1.0" encoding="UTF-8"?>
<testsuite xmlns:xsi="http://www.w3.org/2001/XMLSchema-instance" xsi:noNamespaceSchemaLocation="https://maven.apache.org/surefire/maven-surefire-plugin/xsd/surefire-test-report.xsd" name="org.example.AccountTest" time="1.203" tests="7" errors="0" skipped="0" failures="1">
  <properties>
[...]
</properties>
  <testcase name="checkNameToEmbossMax" classname="org.example.AccountTest" time="0.784"/>
  <testcase name="checkNameToEmboss" classname="org.example.AccountTest" time="0.006"/>
  <testcase name="checkNameToEmbossMax3" classname="org.example.AccountTest" time="0.013">
    <failure message="Ошибка граничных значений &lt;= 3" type="java.lang.AssertionError"><![CDATA[java.lang.AssertionError: Ошибка граничных значений <= 3
	at org.example.AccountTest.checkNameToEmbossMax3(AccountTest.java:21)
]]></failure>
  </testcase>
  <testcase name="checkNameToEmbossMax4" classname="org.example.AccountTest" time="0.004"/>
  <testcase name="checkNameToEmbossMax5" classname="org.example.AccountTest" time="0.004"/>
  <testcase name="checkNameToEmbossMax6" classname="org.example.AccountTest" time="0.002"/>
  <testcase name="checkNameToEmbossMax7" classname="org.example.AccountTest" time="0.004"/>
</testsuite>